2024-07-10 15:15:46 DEBUG TestNG:82 - suiteXmlPath: "C:\Users\gopika.a\SeleniumUdemy\AutomationExcercise\master.xml"
2024-07-10 15:16:15 DEBUG TestNG:82 - suiteXmlPath: "C:\Users\gopika.a\SeleniumUdemy\AutomationExcercise\master.xml"
2024-07-10 15:16:15 INFO  Utils:112 - [TestNG] Running:
  C:\Users\gopika.a\SeleniumUdemy\AutomationExcercise\master.xml

2024-07-10 15:22:59 DEBUG TestNG:82 - suiteXmlPath: "C:\Users\gopika.a\SeleniumUdemy\AutomationExcercise\master.xml"
2024-07-10 15:22:59 INFO  Utils:112 - [TestNG] Running:
  C:\Users\gopika.a\SeleniumUdemy\AutomationExcercise\master.xml

2024-07-10 15:23:19 DEBUG PackageRelationshipCollection:307 - Parsing relationship: /xl/_rels/workbook.xml.rels
2024-07-10 15:23:19 DEBUG PackageRelationshipCollection:307 - Parsing relationship: /xl/worksheets/_rels/sheet1.xml.rels
2024-07-10 15:23:20 DEBUG PackageRelationshipCollection:307 - Parsing relationship: /_rels/.rels
2024-07-10 15:23:20 DEBUG POIXMLFactory:65 - using default POIXMLDocumentPart for http://schemas.openxmlformats.org/officeDocument/2006/relationships/printerSettings
2024-07-10 15:23:21 DEBUG PackageRelationshipCollection:307 - Parsing relationship: /xl/_rels/workbook.xml.rels
2024-07-10 15:23:21 DEBUG PackageRelationshipCollection:307 - Parsing relationship: /xl/worksheets/_rels/sheet1.xml.rels
2024-07-10 15:23:21 DEBUG PackageRelationshipCollection:307 - Parsing relationship: /_rels/.rels
2024-07-10 15:23:21 DEBUG POIXMLFactory:65 - using default POIXMLDocumentPart for http://schemas.openxmlformats.org/officeDocument/2006/relationships/printerSettings
2024-07-10 15:23:21 DEBUG PackageRelationshipCollection:307 - Parsing relationship: /xl/_rels/workbook.xml.rels
2024-07-10 15:23:21 DEBUG PackageRelationshipCollection:307 - Parsing relationship: /xl/worksheets/_rels/sheet1.xml.rels
2024-07-10 15:23:21 DEBUG PackageRelationshipCollection:307 - Parsing relationship: /_rels/.rels
2024-07-10 15:23:21 DEBUG POIXMLFactory:65 - using default POIXMLDocumentPart for http://schemas.openxmlformats.org/officeDocument/2006/relationships/printerSettings
2024-07-10 15:23:21 DEBUG PackageRelationshipCollection:307 - Parsing relationship: /xl/_rels/workbook.xml.rels
2024-07-10 15:23:21 DEBUG PackageRelationshipCollection:307 - Parsing relationship: /xl/worksheets/_rels/sheet1.xml.rels
2024-07-10 15:23:21 DEBUG PackageRelationshipCollection:307 - Parsing relationship: /_rels/.rels
2024-07-10 15:23:21 DEBUG POIXMLFactory:65 - using default POIXMLDocumentPart for http://schemas.openxmlformats.org/officeDocument/2006/relationships/printerSettings
2024-07-10 15:23:21 DEBUG PackageRelationshipCollection:307 - Parsing relationship: /xl/_rels/workbook.xml.rels
2024-07-10 15:23:21 DEBUG PackageRelationshipCollection:307 - Parsing relationship: /xl/worksheets/_rels/sheet1.xml.rels
2024-07-10 15:23:21 DEBUG PackageRelationshipCollection:307 - Parsing relationship: /_rels/.rels
2024-07-10 15:23:21 DEBUG POIXMLFactory:65 - using default POIXMLDocumentPart for http://schemas.openxmlformats.org/officeDocument/2006/relationships/printerSettings
2024-07-10 15:23:21 DEBUG PackageRelationshipCollection:307 - Parsing relationship: /xl/_rels/workbook.xml.rels
2024-07-10 15:23:21 DEBUG PackageRelationshipCollection:307 - Parsing relationship: /xl/worksheets/_rels/sheet1.xml.rels
2024-07-10 15:23:21 DEBUG PackageRelationshipCollection:307 - Parsing relationship: /_rels/.rels
2024-07-10 15:23:21 DEBUG POIXMLFactory:65 - using default POIXMLDocumentPart for http://schemas.openxmlformats.org/officeDocument/2006/relationships/printerSettings
2024-07-10 15:23:21 DEBUG PackageRelationshipCollection:307 - Parsing relationship: /xl/_rels/workbook.xml.rels
2024-07-10 15:23:21 DEBUG PackageRelationshipCollection:307 - Parsing relationship: /xl/worksheets/_rels/sheet1.xml.rels
2024-07-10 15:23:21 DEBUG PackageRelationshipCollection:307 - Parsing relationship: /_rels/.rels
2024-07-10 15:23:21 DEBUG POIXMLFactory:65 - using default POIXMLDocumentPart for http://schemas.openxmlformats.org/officeDocument/2006/relationships/printerSettings
2024-07-10 15:23:21 DEBUG PackageRelationshipCollection:307 - Parsing relationship: /xl/_rels/workbook.xml.rels
2024-07-10 15:23:21 DEBUG PackageRelationshipCollection:307 - Parsing relationship: /xl/worksheets/_rels/sheet1.xml.rels
2024-07-10 15:23:21 DEBUG PackageRelationshipCollection:307 - Parsing relationship: /_rels/.rels
2024-07-10 15:23:21 DEBUG POIXMLFactory:65 - using default POIXMLDocumentPart for http://schemas.openxmlformats.org/officeDocument/2006/relationships/printerSettings
2024-07-10 15:23:21 DEBUG PackageRelationshipCollection:307 - Parsing relationship: /xl/_rels/workbook.xml.rels
2024-07-10 15:23:21 DEBUG PackageRelationshipCollection:307 - Parsing relationship: /xl/worksheets/_rels/sheet1.xml.rels
2024-07-10 15:23:21 DEBUG PackageRelationshipCollection:307 - Parsing relationship: /_rels/.rels
2024-07-10 15:23:21 DEBUG POIXMLFactory:65 - using default POIXMLDocumentPart for http://schemas.openxmlformats.org/officeDocument/2006/relationships/printerSettings
2024-07-10 15:23:21 DEBUG PackageRelationshipCollection:307 - Parsing relationship: /xl/_rels/workbook.xml.rels
2024-07-10 15:23:21 DEBUG PackageRelationshipCollection:307 - Parsing relationship: /xl/worksheets/_rels/sheet1.xml.rels
2024-07-10 15:23:21 DEBUG PackageRelationshipCollection:307 - Parsing relationship: /_rels/.rels
2024-07-10 15:23:21 DEBUG POIXMLFactory:65 - using default POIXMLDocumentPart for http://schemas.openxmlformats.org/officeDocument/2006/relationships/printerSettings
2024-07-10 15:23:21 DEBUG PackageRelationshipCollection:307 - Parsing relationship: /xl/_rels/workbook.xml.rels
2024-07-10 15:23:21 DEBUG PackageRelationshipCollection:307 - Parsing relationship: /xl/worksheets/_rels/sheet1.xml.rels
2024-07-10 15:23:21 DEBUG PackageRelationshipCollection:307 - Parsing relationship: /_rels/.rels
2024-07-10 15:23:21 DEBUG POIXMLFactory:65 - using default POIXMLDocumentPart for http://schemas.openxmlformats.org/officeDocument/2006/relationships/printerSettings
2024-07-10 15:23:21 DEBUG PackageRelationshipCollection:307 - Parsing relationship: /xl/_rels/workbook.xml.rels
2024-07-10 15:23:21 DEBUG PackageRelationshipCollection:307 - Parsing relationship: /xl/worksheets/_rels/sheet1.xml.rels
2024-07-10 15:23:21 DEBUG PackageRelationshipCollection:307 - Parsing relationship: /_rels/.rels
2024-07-10 15:23:21 DEBUG POIXMLFactory:65 - using default POIXMLDocumentPart for http://schemas.openxmlformats.org/officeDocument/2006/relationships/printerSettings
2024-07-10 15:23:21 DEBUG PackageRelationshipCollection:307 - Parsing relationship: /xl/_rels/workbook.xml.rels
2024-07-10 15:23:21 DEBUG PackageRelationshipCollection:307 - Parsing relationship: /xl/worksheets/_rels/sheet1.xml.rels
2024-07-10 15:23:21 DEBUG PackageRelationshipCollection:307 - Parsing relationship: /_rels/.rels
2024-07-10 15:23:21 DEBUG POIXMLFactory:65 - using default POIXMLDocumentPart for http://schemas.openxmlformats.org/officeDocument/2006/relationships/printerSettings
2024-07-10 15:23:21 DEBUG PackageRelationshipCollection:307 - Parsing relationship: /xl/_rels/workbook.xml.rels
2024-07-10 15:23:21 DEBUG PackageRelationshipCollection:307 - Parsing relationship: /xl/worksheets/_rels/sheet1.xml.rels
2024-07-10 15:23:21 DEBUG PackageRelationshipCollection:307 - Parsing relationship: /_rels/.rels
2024-07-10 15:23:21 DEBUG POIXMLFactory:65 - using default POIXMLDocumentPart for http://schemas.openxmlformats.org/officeDocument/2006/relationships/printerSettings
2024-07-10 15:23:21 DEBUG PackageRelationshipCollection:307 - Parsing relationship: /xl/_rels/workbook.xml.rels
2024-07-10 15:23:21 DEBUG PackageRelationshipCollection:307 - Parsing relationship: /xl/worksheets/_rels/sheet1.xml.rels
2024-07-10 15:23:21 DEBUG PackageRelationshipCollection:307 - Parsing relationship: /_rels/.rels
2024-07-10 15:23:21 DEBUG POIXMLFactory:65 - using default POIXMLDocumentPart for http://schemas.openxmlformats.org/officeDocument/2006/relationships/printerSettings
2024-07-10 15:23:21 DEBUG PackageRelationshipCollection:307 - Parsing relationship: /xl/_rels/workbook.xml.rels
2024-07-10 15:23:21 DEBUG PackageRelationshipCollection:307 - Parsing relationship: /xl/worksheets/_rels/sheet1.xml.rels
2024-07-10 15:23:21 DEBUG PackageRelationshipCollection:307 - Parsing relationship: /_rels/.rels
2024-07-10 15:23:21 DEBUG POIXMLFactory:65 - using default POIXMLDocumentPart for http://schemas.openxmlformats.org/officeDocument/2006/relationships/printerSettings
2024-07-10 15:23:21 DEBUG PackageRelationshipCollection:307 - Parsing relationship: /xl/_rels/workbook.xml.rels
2024-07-10 15:23:21 DEBUG PackageRelationshipCollection:307 - Parsing relationship: /xl/worksheets/_rels/sheet1.xml.rels
2024-07-10 15:23:21 DEBUG PackageRelationshipCollection:307 - Parsing relationship: /_rels/.rels
2024-07-10 15:23:21 DEBUG POIXMLFactory:65 - using default POIXMLDocumentPart for http://schemas.openxmlformats.org/officeDocument/2006/relationships/printerSettings
2024-07-10 15:23:22 INFO  TC002_DDTLoginTest:16 - ***Verify homepage visible***
2024-07-10 15:23:22 INFO  TC002_DDTLoginTest:18 - ***Click on Signup***
2024-07-10 15:23:24 INFO  TC002_DDTLoginTest:20 - ***Enter email and password***
2024-07-10 15:23:24 INFO  TC002_DDTLoginTest:23 - ***Verify successful login***
2024-07-10 15:23:44 INFO  TC002_DDTLoginTest:16 - ***Verify homepage visible***
2024-07-10 15:23:44 INFO  TC002_DDTLoginTest:18 - ***Click on Signup***
2024-07-10 15:23:46 INFO  TC002_DDTLoginTest:20 - ***Enter email and password***
2024-07-10 15:23:46 INFO  TC002_DDTLoginTest:23 - ***Verify successful login***
2024-07-10 15:24:06 INFO  TC002_DDTLoginTest:56 - ***Finished TC002_DDTLoginTest***
2024-07-10 15:24:06 INFO  TC002_DDTLoginTest:16 - ***Verify homepage visible***
2024-07-10 15:24:07 INFO  TC002_DDTLoginTest:18 - ***Click on Signup***
2024-07-10 15:24:09 INFO  TC002_DDTLoginTest:20 - ***Enter email and password***
2024-07-10 15:24:09 INFO  TC002_DDTLoginTest:23 - ***Verify successful login***
2024-07-10 15:24:29 INFO  TC002_DDTLoginTest:56 - ***Finished TC002_DDTLoginTest***
2024-07-10 15:24:29 INFO  TC002_DDTLoginTest:16 - ***Verify homepage visible***
2024-07-10 15:24:29 INFO  TC002_DDTLoginTest:18 - ***Click on Signup***
2024-07-10 15:24:31 INFO  TC002_DDTLoginTest:20 - ***Enter email and password***
2024-07-10 15:24:31 INFO  TC002_DDTLoginTest:23 - ***Verify successful login***
2024-07-10 15:24:51 INFO  TC002_DDTLoginTest:56 - ***Finished TC002_DDTLoginTest***
2024-07-10 15:24:51 INFO  TC002_DDTLoginTest:16 - ***Verify homepage visible***
2024-07-10 15:24:51 INFO  TC002_DDTLoginTest:18 - ***Click on Signup***
2024-07-10 15:24:54 INFO  TC002_DDTLoginTest:20 - ***Enter email and password***
2024-07-10 15:24:54 INFO  TC002_DDTLoginTest:23 - ***Verify successful login***
